<?xml version="1.0" encoding="UTF-8"?>
<testsuite xmlns:xsi="http://www.w3.org/2001/XMLSchema-instance" xsi:noNamespaceSchemaLocation="https://maven.apache.org/surefire/maven-surefire-plugin/xsd/surefire-test-report.xsd" name="com.pojo.PerformanceTest" time="2.128" tests="1" errors="0" skipped="0" failures="0">
  <properties>
    <property name="sun.desktop" value="windows"/>
    <property name="awt.toolkit" value="sun.awt.windows.WToolkit"/>
    <property name="file.encoding.pkg" value="sun.io"/>
    <property name="java.specification.version" value="1.8"/>
    <property name="sun.cpu.isalist" value="amd64"/>
    <property name="sun.jnu.encoding" value="GBK"/>
    <property name="java.class.path" value="D:\code\idea_java\spring\spring_basic\target\test-classes;D:\code\idea_java\spring\spring_basic\target\classes;F:\Repository\Maven\junit\junit\4.12\junit-4.12.jar;F:\Repository\Maven\org\hamcrest\hamcrest-core\1.3\hamcrest-core-1.3.jar;F:\Repository\Maven\org\slf4j\slf4j-log4j12\1.7.21\slf4j-log4j12-1.7.21.jar;F:\Repository\Maven\org\slf4j\slf4j-api\1.7.21\slf4j-api-1.7.21.jar;F:\Repository\Maven\log4j\log4j\1.2.17\log4j-1.2.17.jar;F:\Repository\Maven\javax\servlet\javax.servlet-api\3.1.0\javax.servlet-api-3.1.0.jar;F:\Repository\Maven\javax\servlet\jsp\jsp-api\2.2\jsp-api-2.2.jar;F:\Repository\Maven\javax\servlet\jstl\1.2\jstl-1.2.jar;F:\Repository\Maven\mysql\mysql-connector-java\5.1.35\mysql-connector-java-5.1.35.jar;F:\Repository\Maven\org\springframework\spring-web\4.3.21.RELEASE\spring-web-4.3.21.RELEASE.jar;F:\Repository\Maven\org\springframework\spring-aop\4.3.21.RELEASE\spring-aop-4.3.21.RELEASE.jar;F:\Repository\Maven\org\springframework\spring-beans\4.3.21.RELEASE\spring-beans-4.3.21.RELEASE.jar;F:\Repository\Maven\org\springframework\spring-core\4.3.21.RELEASE\spring-core-4.3.21.RELEASE.jar;F:\Repository\Maven\commons-logging\commons-logging\1.2\commons-logging-1.2.jar;F:\Repository\Maven\org\springframework\spring-webmvc\4.3.21.RELEASE\spring-webmvc-4.3.21.RELEASE.jar;F:\Repository\Maven\org\springframework\spring-expression\4.3.21.RELEASE\spring-expression-4.3.21.RELEASE.jar;F:\Repository\Maven\org\springframework\spring-context\4.3.21.RELEASE\spring-context-4.3.21.RELEASE.jar;F:\Repository\Maven\org\springframework\spring-test\4.3.21.RELEASE\spring-test-4.3.21.RELEASE.jar;F:\Repository\Maven\org\springframework\spring-jdbc\4.3.21.RELEASE\spring-jdbc-4.3.21.RELEASE.jar;F:\Repository\Maven\org\springframework\spring-tx\4.3.21.RELEASE\spring-tx-4.3.21.RELEASE.jar;F:\Repository\Maven\org\apache\commons\commons-lang3\3.4\commons-lang3-3.4.jar;F:\Repository\Maven\commons-fileupload\commons-fileupload\1.3.1\commons-fileupload-1.3.1.jar;F:\Repository\Maven\commons-io\commons-io\2.2\commons-io-2.2.jar;F:\Repository\Maven\org\springframework\spring-aspects\4.3.21.RELEASE\spring-aspects-4.3.21.RELEASE.jar;F:\Repository\Maven\org\aspectj\aspectjweaver\1.8.9\aspectjweaver-1.8.9.jar;F:\Repository\Maven\org\thymeleaf\thymeleaf-spring4\3.0.11.RELEASE\thymeleaf-spring4-3.0.11.RELEASE.jar;F:\Repository\Maven\org\thymeleaf\thymeleaf\3.0.11.RELEASE\thymeleaf-3.0.11.RELEASE.jar;F:\Repository\Maven\ognl\ognl\3.1.12\ognl-3.1.12.jar;F:\Repository\Maven\org\javassist\javassist\3.20.0-GA\javassist-3.20.0-GA.jar;F:\Repository\Maven\org\attoparser\attoparser\2.0.5.RELEASE\attoparser-2.0.5.RELEASE.jar;F:\Repository\Maven\org\unbescape\unbescape\1.1.6.RELEASE\unbescape-1.1.6.RELEASE.jar;"/>
    <property name="java.vm.vendor" value="Oracle Corporation"/>
    <property name="sun.arch.data.model" value="64"/>
    <property name="user.variant" value=""/>
    <property name="java.vendor.url" value="http://java.oracle.com/"/>
    <property name="user.timezone" value="Asia/Shanghai"/>
    <property name="java.vm.specification.version" value="1.8"/>
    <property name="os.name" value="Windows 8.1"/>
    <property name="user.country" value="CN"/>
    <property name="sun.java.launcher" value="SUN_STANDARD"/>
    <property name="sun.boot.library.path" value="C:\Code\Java\jdk1.8.0_11\jre\bin"/>
    <property name="sun.java.command" value="C:\Users\HASEE\AppData\Local\Temp\surefire642450821546663623\surefirebooter2616670723653423044.jar C:\Users\HASEE\AppData\Local\Temp\surefire642450821546663623 2018-12-07T16-36-27_088-jvmRun1 surefire1026573334948505786tmp surefire_02763438032928870221tmp"/>
    <property name="surefire.test.class.path" value="D:\code\idea_java\spring\spring_basic\target\test-classes;D:\code\idea_java\spring\spring_basic\target\classes;F:\Repository\Maven\junit\junit\4.12\junit-4.12.jar;F:\Repository\Maven\org\hamcrest\hamcrest-core\1.3\hamcrest-core-1.3.jar;F:\Repository\Maven\org\slf4j\slf4j-log4j12\1.7.21\slf4j-log4j12-1.7.21.jar;F:\Repository\Maven\org\slf4j\slf4j-api\1.7.21\slf4j-api-1.7.21.jar;F:\Repository\Maven\log4j\log4j\1.2.17\log4j-1.2.17.jar;F:\Repository\Maven\javax\servlet\javax.servlet-api\3.1.0\javax.servlet-api-3.1.0.jar;F:\Repository\Maven\javax\servlet\jsp\jsp-api\2.2\jsp-api-2.2.jar;F:\Repository\Maven\javax\servlet\jstl\1.2\jstl-1.2.jar;F:\Repository\Maven\mysql\mysql-connector-java\5.1.35\mysql-connector-java-5.1.35.jar;F:\Repository\Maven\org\springframework\spring-web\4.3.21.RELEASE\spring-web-4.3.21.RELEASE.jar;F:\Repository\Maven\org\springframework\spring-aop\4.3.21.RELEASE\spring-aop-4.3.21.RELEASE.jar;F:\Repository\Maven\org\springframework\spring-beans\4.3.21.RELEASE\spring-beans-4.3.21.RELEASE.jar;F:\Repository\Maven\org\springframework\spring-core\4.3.21.RELEASE\spring-core-4.3.21.RELEASE.jar;F:\Repository\Maven\commons-logging\commons-logging\1.2\commons-logging-1.2.jar;F:\Repository\Maven\org\springframework\spring-webmvc\4.3.21.RELEASE\spring-webmvc-4.3.21.RELEASE.jar;F:\Repository\Maven\org\springframework\spring-expression\4.3.21.RELEASE\spring-expression-4.3.21.RELEASE.jar;F:\Repository\Maven\org\springframework\spring-context\4.3.21.RELEASE\spring-context-4.3.21.RELEASE.jar;F:\Repository\Maven\org\springframework\spring-test\4.3.21.RELEASE\spring-test-4.3.21.RELEASE.jar;F:\Repository\Maven\org\springframework\spring-jdbc\4.3.21.RELEASE\spring-jdbc-4.3.21.RELEASE.jar;F:\Repository\Maven\org\springframework\spring-tx\4.3.21.RELEASE\spring-tx-4.3.21.RELEASE.jar;F:\Repository\Maven\org\apache\commons\commons-lang3\3.4\commons-lang3-3.4.jar;F:\Repository\Maven\commons-fileupload\commons-fileupload\1.3.1\commons-fileupload-1.3.1.jar;F:\Repository\Maven\commons-io\commons-io\2.2\commons-io-2.2.jar;F:\Repository\Maven\org\springframework\spring-aspects\4.3.21.RELEASE\spring-aspects-4.3.21.RELEASE.jar;F:\Repository\Maven\org\aspectj\aspectjweaver\1.8.9\aspectjweaver-1.8.9.jar;F:\Repository\Maven\org\thymeleaf\thymeleaf-spring4\3.0.11.RELEASE\thymeleaf-spring4-3.0.11.RELEASE.jar;F:\Repository\Maven\org\thymeleaf\thymeleaf\3.0.11.RELEASE\thymeleaf-3.0.11.RELEASE.jar;F:\Repository\Maven\ognl\ognl\3.1.12\ognl-3.1.12.jar;F:\Repository\Maven\org\javassist\javassist\3.20.0-GA\javassist-3.20.0-GA.jar;F:\Repository\Maven\org\attoparser\attoparser\2.0.5.RELEASE\attoparser-2.0.5.RELEASE.jar;F:\Repository\Maven\org\unbescape\unbescape\1.1.6.RELEASE\unbescape-1.1.6.RELEASE.jar;"/>
    <property name="sun.cpu.endian" value="little"/>
    <property name="user.home" value="C:\Users\HASEE"/>
    <property name="user.language" value="zh"/>
    <property name="java.specification.vendor" value="Oracle Corporation"/>
    <property name="java.home" value="C:\Code\Java\jdk1.8.0_11\jre"/>
    <property name="basedir" value="D:\code\idea_java\spring\spring_basic"/>
    <property name="file.separator" value="\"/>
    <property name="line.separator" value="&#10;"/>
    <property name="java.vm.specification.vendor" value="Oracle Corporation"/>
    <property name="java.specification.name" value="Java Platform API Specification"/>
    <property name="java.awt.graphicsenv" value="sun.awt.Win32GraphicsEnvironment"/>
    <property name="surefire.real.class.path" value="C:\Users\HASEE\AppData\Local\Temp\surefire642450821546663623\surefirebooter2616670723653423044.jar"/>
    <property name="sun.boot.class.path" value="C:\Code\Java\jdk1.8.0_11\jre\lib\resources.jar;C:\Code\Java\jdk1.8.0_11\jre\lib\rt.jar;C:\Code\Java\jdk1.8.0_11\jre\lib\sunrsasign.jar;C:\Code\Java\jdk1.8.0_11\jre\lib\jsse.jar;C:\Code\Java\jdk1.8.0_11\jre\lib\jce.jar;C:\Code\Java\jdk1.8.0_11\jre\lib\charsets.jar;C:\Code\Java\jdk1.8.0_11\jre\lib\jfr.jar;C:\Code\Java\jdk1.8.0_11\jre\classes"/>
    <property name="user.script" value=""/>
    <property name="sun.management.compiler" value="HotSpot 64-Bit Tiered Compilers"/>
    <property name="java.runtime.version" value="1.8.0_11-b12"/>
    <property name="user.name" value="XiaoX"/>
    <property name="path.separator" value=";"/>
    <property name="os.version" value="6.3"/>
    <property name="java.endorsed.dirs" value="C:\Code\Java\jdk1.8.0_11\jre\lib\endorsed"/>
    <property name="java.runtime.name" value="Java(TM) SE Runtime Environment"/>
    <property name="file.encoding" value="GBK"/>
    <property name="java.vm.name" value="Java HotSpot(TM) 64-Bit Server VM"/>
    <property name="localRepository" value="F:\Repository\Maven"/>
    <property name="java.vendor.url.bug" value="http://bugreport.sun.com/bugreport/"/>
    <property name="java.io.tmpdir" value="C:\Users\HASEE\AppData\Local\Temp\"/>
    <property name="idea.version" value="2017.1.3"/>
    <property name="java.version" value="1.8.0_11"/>
    <property name="user.dir" value="D:\code\idea_java\spring\spring_basic"/>
    <property name="os.arch" value="amd64"/>
    <property name="java.vm.specification.name" value="Java Virtual Machine Specification"/>
    <property name="java.awt.printerjob" value="sun.awt.windows.WPrinterJob"/>
    <property name="sun.os.patch.level" value=""/>
    <property name="java.library.path" value="C:\Code\Java\jdk1.8.0_11\jre\bin;C:\WINDOWS\Sun\Java\bin;C:\WINDOWS\system32;C:\WINDOWS;C:\Code\Java\jdk1.8.0_11\bin;C:\Code\Java\jdk1.8.0_11\jre\bin;C:\Program Files (x86)\Intel\iCLS Client\;C:\Program Files\Intel\iCLS Client\;C:\Windows\system32;C:\Windows;C:\Windows\System32\Wbem;C:\Windows\System32\WindowsPowerShell\v1.0\;C:\Program Files (x86)\NVIDIA Corporation\PhysX\Common;C:\Program Files (x86)\Intel\Intel(R) Management Engine Components\DAL;C:\Program Files\Intel\Intel(R) Management Engine Components\DAL;C:\Program Files (x86)\Intel\Intel(R) Management Engine Components\IPT;C:\Program Files\Intel\Intel(R) Management Engine Components\IPT;C:\Program Files\Intel\WiFi\bin\;C:\Program Files\Common Files\Intel\WirelessCommon\;C:\WINDOWS\system32;C:\WINDOWS;C:\WINDOWS\System32\Wbem;C:\WINDOWS\System32\WindowsPowerShell\v1.0\;C:\Code\maven\apache-maven-3.3.9\bin;D:\Matlab\R2016a\runtime\win64;D:\Matlab\R2016a\bin;D:\Matlab\R2016a\polyspace\bin;C:\Code\protobuf-2.5.0\src;C:\Program Files (x86)\Pandoc\;C:\Program Files (x86)\scala\bin;C:\Code\Python\python35;C:\Code\Python\python35\Scripts;C:\Program Files\Redis\;C:\Code\cmder_mini\bin;C:\Code\curl-7.53.1\src;C:\Android;C:\Code\hadoop-2.7.4\bin;C:\Code\hadoop-2.7.4\sbin;C:\Program Files (x86)\Google\Chrome\Application;C:\Code\cmder_mini;C:\Code\Git\cmd;C:\WINDOWS\System32\OpenSSH\;C:\Program Files\TortoiseGit\bin;C:\Code\Python\Python35\Scripts\;C:\Code\Python\Python35\;C:\Program Files\Intel\WiFi\bin\;C:\Program Files\Common Files\Intel\WirelessCommon\;C:\Users\HASEE\AppData\Local\Microsoft\WindowsApps;C:\Program Files (x86)\SSH Communications Security\SSH Secure Shell;C:\Users\HASEE\AppData\Local\Programs\Fiddler;C:\Program Files (x86)\Google\Chrome\Application;;C:\Users\HASEE\AppData\Local\Microsoft\WindowsApps;."/>
    <property name="java.vm.info" value="mixed mode"/>
    <property name="java.vendor" value="Oracle Corporation"/>
    <property name="java.vm.version" value="25.11-b03"/>
    <property name="java.ext.dirs" value="C:\Code\Java\jdk1.8.0_11\jre\lib\ext;C:\WINDOWS\Sun\Java\lib\ext"/>
    <property name="sun.io.unicode.encoding" value="UnicodeLittle"/>
    <property name="maven.repo.local" value="F:\Repository\Maven"/>
    <property name="java.class.version" value="52.0"/>
  </properties>
  <testcase name="test" classname="com.pojo.PerformanceTest" time="0.018"/>
</testsuite>